<?xml version="1.0" encoding="UTF-8"?>
<!-- Generated by org.testng.reporters.JUnitReportReporter -->
<testsuite hostname="DESKTOP-O6JDFK1" failures="0" tests="1" name="com.WebTAproject.AddCustomerTest" time="4.456" errors="0" timestamp="13 Dec 2020 14:55:16 GMT">
  <testcase classname="com.WebTAproject.AddCustomerTest" name="addCustomerTest" time="4.456"/>
</testsuite> <!-- com.WebTAproject.AddCustomerTest -->
