<?xml version="1.0" encoding="UTF-8"?>
<!-- Generated by org.testng.reporters.JUnitReportReporter -->
<testsuite hostname="DESKTOP-O6JDFK1" failures="0" tests="1" name="com.WebTAproject.LoginPageTest" time="7.842" errors="0" timestamp="12 Dec 2020 18:13:16 GMT">
  <testcase classname="com.WebTAproject.LoginPageTest" name="LoginTest" time="7.842"/>
</testsuite> <!-- com.WebTAproject.LoginPageTest -->
