<?xml version="1.0" encoding="UTF-8"?>
<!-- Generated by org.testng.reporters.JUnitReportReporter -->
<testsuite hostname="DESKTOP-O6JDFK1" failures="0" tests="1" name="com.WebTAproject.LoginPageTest" time="1.247" errors="0" timestamp="7 Dec 2020 19:11:00 GMT">
  <testcase classname="com.WebTAproject.LoginPageTest" name="LoginTest" time="1.247"/>
</testsuite> <!-- com.WebTAproject.LoginPageTest -->
